<?xml version="1.0" encoding="UTF-8"?>
<testsuite xmlns:xsi="http://www.w3.org/2001/XMLSchema-instance" xsi:noNamespaceSchemaLocation="https://maven.apache.org/surefire/maven-surefire-plugin/xsd/surefire-test-report.xsd" name="utils.SettingsTest" time="0.101" tests="3" errors="0" skipped="0" failures="0">
  <properties>
[...]
</properties>
  <testcase name="testGetDEV_DBConnection" classname="utils.SettingsTest" time="0.068"/>
  <testcase name="testGetTEST_DBConnection" classname="utils.SettingsTest" time="0.004"/>
  <testcase name="testGetSingleProperty" classname="utils.SettingsTest" time="0.002"/>
</testsuite>